0 info it worked if it ends with ok
1 verbose cli [ 'C:\\Program Files\\nodejs\\node.exe',
1 verbose cli   'C:\\Users\\manoj.pr\\AppData\\Roaming\\npm\\\'.npm-global\'\\node_modules\\npm\\bin\\npm-cli.js',
1 verbose cli   'start' ]
2 info using npm@4.0.2
3 info using node@v5.3.0
4 verbose run-script [ 'prestart', 'start', 'poststart' ]
5 info lifecycle ether-key@1.0.0~prestart: ether-key@1.0.0
6 silly lifecycle ether-key@1.0.0~prestart: no script for prestart, continuing
7 info lifecycle ether-key@1.0.0~start: ether-key@1.0.0
8 verbose lifecycle ether-key@1.0.0~start: unsafe-perm in lifecycle true
9 verbose lifecycle ether-key@1.0.0~start: PATH: C:\Users\manoj.pr\AppData\Roaming\npm\'.npm-global'\node_modules\npm\bin\node-gyp-bin;C:\Users\manoj.pr\Documents\GitHub\Ether-Key\node_modules\.bin;C:\ProgramData\Oracle\Java\javapath;C:\Python27\;C:\Python27\Scripts;C:\Windows\system32;C:\Windows;C:\Windows\System32\Wbem;C:\Windows\System32\WindowsPowerShell\v1.0\;C:\Program Files (x86)\Java\jre7\bin\;C:\Program Files\Symantec\Symantec Endpoint Encryption Clients\;C:\Program Files (x86)\Windows Kits\8.1\Windows Performance Toolkit\;C:\Program Files\Microsoft SQL Server\110\Tools\Binn\;C:\Program Files\Intel\WiFi\bin\;C:\Program Files\Common Files\Intel\WirelessCommon\;C:\Program Files\nodejs\;C:\Strawberry\c\bin;C:\Strawberry\perl\site\bin;C:\Strawberry\perl\bin;C:\Program Files (x86)\Brackets\command;C:\Program Files\Microsoft SQL Server\120\Tools\Binn\;C:\Program Files (x86)\GtkSharp\2.12\bin;C:\Program Files\Microsoft SQL Server\130\Tools\Binn\;C:\Program Files (x86)\nodejs\;C:\Go\bin;C:\Program Files\Microsoft SQL Server\120\DTS\Binn\;C:\Program Files\Microsoft SQL Server\Client SDK\ODBC\110\Tools\Binn\;C:\Program Files (x86)\Microsoft SQL Server\120\Tools\Binn\;C:\Program Files (x86)\Microsoft SQL Server\120\Tools\Binn\ManagementStudio\;C:\Program Files (x86)\Microsoft SQL Server\120\DTS\Binn\;C:\ProgramData\chocolatey\bin;C:\Users\manoj.pr\AppData\Local\Programs\Python\Python35-32\;C:\Users\manoj.pr\AppData\Local\Programs\Python\Python35-32\Scripts;C:\Program Files\Microsoft\Web Platform Installer\;C:\Users\manoj.pr\AppData\Roaming\npm\'.npm-global';C:\Users\manoj.pr\.dnx\bin;C:\Users\manoj.pr\AppData\Roaming\npm;C:\Users\manoj.pr\AppData\Local\Programs\Git\cmd;C:\Program Files (x86)\Microsoft VS Code\bin
10 verbose lifecycle ether-key@1.0.0~start: CWD: C:\Users\manoj.pr\Documents\GitHub\Ether-Key
11 silly lifecycle ether-key@1.0.0~start: Args: [ '/d /s /c', 'tsc && concurrently "tsc -w" "lite-server" ' ]
12 silly lifecycle ether-key@1.0.0~start: Returned: code: 3221225786  signal: null
13 info lifecycle ether-key@1.0.0~start: Failed to exec start script
14 verbose stack Error: ether-key@1.0.0 start: `tsc && concurrently "tsc -w" "lite-server" `
14 verbose stack Exit status 3221225786
14 verbose stack     at EventEmitter.<anonymous> (C:\Users\manoj.pr\AppData\Roaming\npm\'.npm-global'\node_modules\npm\lib\utils\lifecycle.js:279:16)
14 verbose stack     at emitTwo (events.js:87:13)
14 verbose stack     at EventEmitter.emit (events.js:172:7)
14 verbose stack     at ChildProcess.<anonymous> (C:\Users\manoj.pr\AppData\Roaming\npm\'.npm-global'\node_modules\npm\lib\utils\spawn.js:40:14)
14 verbose stack     at emitTwo (events.js:87:13)
14 verbose stack     at ChildProcess.emit (events.js:172:7)
14 verbose stack     at maybeClose (internal/child_process.js:818:16)
14 verbose stack     at Process.ChildProcess._handle.onexit (internal/child_process.js:211:5)
15 verbose pkgid ether-key@1.0.0
16 verbose cwd C:\Users\manoj.pr\Documents\GitHub\Ether-Key
17 error Windows_NT 6.1.7601
18 error argv "C:\\Program Files\\nodejs\\node.exe" "C:\\Users\\manoj.pr\\AppData\\Roaming\\npm\\'.npm-global'\\node_modules\\npm\\bin\\npm-cli.js" "start"
19 error node v5.3.0
20 error npm  v4.0.2
21 error code ELIFECYCLE
22 error ether-key@1.0.0 start: `tsc && concurrently "tsc -w" "lite-server" `
22 error Exit status 3221225786
23 error Failed at the ether-key@1.0.0 start script 'tsc && concurrently "tsc -w" "lite-server" '.
23 error Make sure you have the latest version of node.js and npm installed.
23 error If you do, this is most likely a problem with the ether-key package,
23 error not with npm itself.
23 error Tell the author that this fails on your system:
23 error     tsc && concurrently "tsc -w" "lite-server"
23 error You can get information on how to open an issue for this project with:
23 error     npm bugs ether-key
23 error Or if that isn't available, you can get their info via:
23 error     npm owner ls ether-key
23 error There is likely additional logging output above.
24 verbose exit [ 1, true ]
